<?xml version="1.0" encoding="UTF-8"?>
<testng-results skipped="0" failed="0" ignored="0" total="1" passed="1">
  <reporter-output>
  </reporter-output>
  <suite name="Default suite" duration-ms="8438" started-at="2018-02-14T13:10:49Z" finished-at="2018-02-14T13:10:57Z">
    <groups>
    </groups>
    <test name="Default test" duration-ms="8438" started-at="2018-02-14T13:10:49Z" finished-at="2018-02-14T13:10:57Z">
      <class name="com.hashworks.testing.SeliniumJenkins.FacebookTest">
        <test-method status="PASS" signature="testStart()[pri:0, instance:com.hashworks.testing.SeliniumJenkins.FacebookTest@55ca8de8]" name="testStart" is-config="true" duration-ms="4680" started-at="2018-02-14T18:40:49Z" finished-at="2018-02-14T18:40:53Z">
          <reporter-output>
          </reporter-output>
        </test-method> <!-- testStart -->
        <test-method status="PASS" signature="testFacebook()[pri:0, instance:com.hashworks.testing.SeliniumJenkins.FacebookTest@55ca8de8]" name="testFacebook" duration-ms="3335" started-at="2018-02-14T18:40:53Z" finished-at="2018-02-14T18:40:57Z">
          <reporter-output>
          </reporter-output>
        </test-method> <!-- testFacebook -->
        <test-method status="PASS" signature="close()[pri:0, instance:com.hashworks.testing.SeliniumJenkins.FacebookTest@55ca8de8]" name="close" is-config="true" duration-ms="384" started-at="2018-02-14T18:40:57Z" finished-at="2018-02-14T18:40:57Z">
          <reporter-output>
          </reporter-output>
        </test-method> <!-- close -->
      </class> <!-- com.hashworks.testing.SeliniumJenkins.FacebookTest -->
    </test> <!-- Default test -->
  </suite> <!-- Default suite -->
</testng-results>
