<?xml version="1.0" encoding="UTF-8"?>
<testng-results skipped="0" failed="0" ignored="0" total="1" passed="1">
  <reporter-output>
  </reporter-output>
  <suite name="Suite" duration-ms="7593" started-at="2018-02-14T10:52:54Z" finished-at="2018-02-14T10:53:02Z">
    <groups>
    </groups>
    <test name="Test" duration-ms="7593" started-at="2018-02-14T10:52:54Z" finished-at="2018-02-14T10:53:02Z">
      <class name="com.hashworks.testing.SeliniumJenkins.FacebookTest">
        <test-method status="PASS" signature="testStart()[pri:0, instance:com.hashworks.testing.SeliniumJenkins.FacebookTest@3d8c7aca]" name="testStart" is-config="true" duration-ms="3149" started-at="2018-02-14T16:22:54Z" finished-at="2018-02-14T16:22:57Z">
          <reporter-output>
          </reporter-output>
        </test-method> <!-- testStart -->
        <test-method status="PASS" signature="testFacebook()[pri:0, instance:com.hashworks.testing.SeliniumJenkins.FacebookTest@3d8c7aca]" name="testFacebook" duration-ms="4060" started-at="2018-02-14T16:22:58Z" finished-at="2018-02-14T16:23:02Z">
          <reporter-output>
          </reporter-output>
        </test-method> <!-- testFacebook -->
        <test-method status="PASS" signature="close()[pri:0, instance:com.hashworks.testing.SeliniumJenkins.FacebookTest@3d8c7aca]" name="close" is-config="true" duration-ms="364" started-at="2018-02-14T16:23:02Z" finished-at="2018-02-14T16:23:02Z">
          <reporter-output>
          </reporter-output>
        </test-method> <!-- close -->
      </class> <!-- com.hashworks.testing.SeliniumJenkins.FacebookTest -->
    </test> <!-- Test -->
  </suite> <!-- Suite -->
</testng-results>
